<?xml version="1.0" encoding="UTF-8"?>
<!-- Generated by org.testng.reporters.JUnitReportReporter -->
<testsuite hostname="DESKTOP-AR628H2" name="com.regression.testscripts.VerifyAutomationTesting" tests="1" failures="0" timestamp="31 Aug 2018 03:09:55 GMT" time="198.949" errors="0">
  <testcase name="verifyRegister" time="198.949" classname="com.regression.testscripts.VerifyAutomationTesting"/>
</testsuite> <!-- com.regression.testscripts.VerifyAutomationTesting -->
